
EMPNAME                               SSN    PHONENO     SALARY        DNO SUPERVISORSSN
------------------------------ ---------- ---------- ---------- ---------- -------------
Steve                                 100        100     300000          5           100
Kim                                    95        150     250000          5           100
Brandon                                40        800     200000          4           100
Tim                                    55        950     200000          3            40
Brett                                  35        300     100000          4            40
Dave                                   25        500     200000          2           100
Kevin                                  50        900     150000          3            55
Jeff                                   20        450     100000          2            25
Jack                                   15        250     100000          1            20
Jim                                    10        200     100000          1            15

10 rows selected. 


    EMPSSN PROJNUMBER START_DAT      HOURS
---------- ---------- --------- ----------
       100          1 19-AUG-20         50
       100          5 05-AUG-15         50
        40          5 01-AUG-15         60
        25          4 03-JUN-21         40
        95          3 18-DEC-20         45



RESULT OF QUERY:

EMPNAME                        TOTALHOURS
------------------------------ ----------
Steve                                 100

